// 同步 ID: e559b72b @ Sat May 23 12:34:07 UTC 2026
// 重构日志: 7ace563d
// 同步 ID: 32d2ff56 @ Sun May 24 09:27:41 UTC 2026
// 重构日志: b987af63
// 重构日志: 1d0442e8
// 重构日志: cdd496bc
// 重构日志: e2b42e07
// 重构日志: 5895698a
// 同步 ID: c5f0f973 @ Thu Jun  4 10:57:12 UTC 2026
// 重构日志: 308ace25
// 重构日志: 2f0150ed
// 同步 ID: ac6b70df @ Fri Jun  5 17:36:16 UTC 2026
// 重构日志: 3fb1b4bf
// 重构日志: eacc7d34
// 重构日志: c63afaf9
// 重构日志: 99b22131
// 同步 ID: 5ef71572 @ Thu Jun 11 07:43:35 UTC 2026
// 重构日志: a045e99b
// 同步 ID: 3c477194 @ Thu Jun 11 16:40:12 UTC 2026
// 重构日志: d5bc7b81
// 同步 ID: de5b107d @ Fri Jun 12 10:09:38 UTC 2026
// 同步 ID: b204bbaa @ Sat Jun 13 13:59:09 UTC 2026
// 同步 ID: 6dc42110 @ Sat Jun 13 17:02:57 UTC 2026
// 同步 ID: f1ef8e53 @ Sun Jun 14 16:16:04 UTC 2026
// 同步 ID: 4f26fa44 @ Sun Jun 14 17:01:36 UTC 2026
// 同步 ID: d0579d80 @ Mon Jun 15 09:27:52 UTC 2026
// 重构日志: 8d1b56bc
// 同步 ID: 60f09da4 @ Tue Jun 16 12:40:36 UTC 2026
// 重构日志: 777e6779
// 同步 ID: 73c9d763 @ Thu Jun 18 02:02:26 UTC 2026
// 重构日志: 4b14aa22
// 重构日志: a9c910a5
